{"C:\\Users\\ASUS\\Documents\\ChatGPT\\FieldFix\\src\\app\\offline\\account-session-state.service.ts": {"path":"C:\\Users\\ASUS\\Documents\\ChatGPT\\FieldFix\\src\\app\\offline\\account-session-state.service.ts","statementMap":{"0":{"start":{"line":4,"column":20},"end":{"line":4,"column":null}},"1":{"start":{"line":5,"column":25},"end":{"line":5,"column":null}},"2":{"start":{"line":8,"column":7},"end":{"line":48,"column":null}},"3":{"start":{"line":9,"column":31},"end":{"line":9,"column":68}},"4":{"start":{"line":12,"column":4},"end":{"line":12,"column":null}},"5":{"start":{"line":16,"column":4},"end":{"line":16,"column":null}},"6":{"start":{"line":20,"column":4},"end":{"line":20,"column":null}},"7":{"start":{"line":21,"column":4},"end":{"line":21,"column":null}},"8":{"start":{"line":25,"column":4},"end":{"line":25,"column":null}},"9":{"start":{"line":29,"column":4},"end":{"line":29,"column":null}},"10":{"start":{"line":33,"column":4},"end":{"line":35,"column":null}},"11":{"start":{"line":34,"column":6},"end":{"line":34,"column":null}},"12":{"start":{"line":34,"column":19},"end":{"line":34,"column":null}},"13":{"start":{"line":37,"column":10},"end":{"line":44,"column":null}},"14":{"start":{"line":38,"column":6},"end":{"line":43,"column":null}},"15":{"start":{"line":42,"column":8},"end":{"line":42,"column":null}},"16":{"start":{"line":45,"column":4},"end":{"line":45,"column":null}},"17":{"start":{"line":46,"column":4},"end":{"line":46,"column":null}},"18":{"start":{"line":46,"column":17},"end":{"line":46,"column":null}},"19":{"start":{"line":7,"column":1},"end":{"line":7,"column":null}}},"fnMap":{"0":{"name":"constructor","decl":{"start":{"line":9,"column":2},"end":{"line":9,"column":14}},"loc":{"start":{"line":9,"column":68},"end":{"line":9,"column":null}},"line":9},"1":{"name":"getPreviousAccountId","decl":{"start":{"line":11,"column":2},"end":{"line":11,"column":40}},"loc":{"start":{"line":11,"column":40},"end":{"line":13,"column":null}},"line":11},"2":{"name":"isAccountLocked","decl":{"start":{"line":15,"column":2},"end":{"line":15,"column":29}},"loc":{"start":{"line":15,"column":29},"end":{"line":17,"column":null}},"line":15},"3":{"name":"setVerifiedAccount","decl":{"start":{"line":19,"column":2},"end":{"line":19,"column":21}},"loc":{"start":{"line":19,"column":46},"end":{"line":22,"column":null}},"line":19},"4":{"name":"setAccountLocked","decl":{"start":{"line":24,"column":2},"end":{"line":24,"column":27}},"loc":{"start":{"line":24,"column":27},"end":{"line":26,"column":null}},"line":24},"5":{"name":"clearAccountLock","decl":{"start":{"line":28,"column":2},"end":{"line":28,"column":27}},"loc":{"start":{"line":28,"column":27},"end":{"line":30,"column":null}},"line":28},"6":{"name":"listenForAccountChanges","decl":{"start":{"line":32,"column":2},"end":{"line":32,"column":26}},"loc":{"start":{"line":32,"column":60},"end":{"line":47,"column":null}},"line":32},"7":{"name":"(anonymous_7)","decl":{"start":{"line":34,"column":6},"end":{"line":34,"column":19}},"loc":{"start":{"line":34,"column":19},"end":{"line":34,"column":null}},"line":34},"8":{"name":"(anonymous_8)","decl":{"start":{"line":37,"column":10},"end":{"line":37,"column":22}},"loc":{"start":{"line":37,"column":46},"end":{"line":44,"column":null}},"line":37},"9":{"name":"(anonymous_9)","decl":{"start":{"line":46,"column":4},"end":{"line":46,"column":17}},"loc":{"start":{"line":46,"column":17},"end":{"line":46,"column":null}},"line":46}},"branchMap":{"0":{"loc":{"start":{"line":33,"column":4},"end":{"line":35,"column":null}},"type":"if","locations":[{"start":{"line":33,"column":4},"end":{"line":35,"column":null}},{"start":{},"end":{}}],"line":33},"1":{"loc":{"start":{"line":38,"column":6},"end":{"line":43,"column":null}},"type":"if","locations":[{"start":{"line":38,"column":6},"end":{"line":43,"column":null}},{"start":{},"end":{}}],"line":38},"2":{"loc":{"start":{"line":38,"column":6},"end":{"line":40,"column":null}},"type":"binary-expr","locations":[{"start":{"line":39,"column":9},"end":{"line":39,"column":38}},{"start":{"line":39,"column":38},"end":{"line":39,"column":null}},{"start":{"line":40,"column":8},"end":{"line":40,"column":null}}],"line":38}},"s":{"0":1,"1":1,"2":1,"3":1,"4":1,"5":0,"6":1,"7":1,"8":0,"9":0,"10":0,"11":0,"12":0,"13":0,"14":0,"15":0,"16":0,"17":0,"18":0,"19":1},"f":{"0":1,"1":1,"2":0,"3":1,"4":0,"5":0,"6":0,"7":0,"8":0,"9":0},"b":{"0":[0,0],"1":[0,0],"2":[0,0,0]},"meta":{"lastBranch":3,"lastFunction":10,"lastStatement":20,"seen":{"s:4:20:4:Infinity":0,"s:5:25:5:Infinity":1,"s:8:7:48:Infinity":2,"f:9:2:9:14":0,"s:9:31:9:68":3,"f:11:2:11:40":1,"s:12:4:12:Infinity":4,"f:15:2:15:29":2,"s:16:4:16:Infinity":5,"f:19:2:19:21":3,"s:20:4:20:Infinity":6,"s:21:4:21:Infinity":7,"f:24:2:24:27":4,"s:25:4:25:Infinity":8,"f:28:2:28:27":5,"s:29:4:29:Infinity":9,"f:32:2:32:26":6,"b:33:4:35:Infinity:undefined:undefined:undefined:undefined":0,"s:33:4:35:Infinity":10,"s:34:6:34:Infinity":11,"f:34:6:34:19":7,"s:34:19:34:Infinity":12,"s:37:10:44:Infinity":13,"f:37:10:37:22":8,"b:38:6:43:Infinity:undefined:undefined:undefined:undefined":1,"s:38:6:43:Infinity":14,"b:39:9:39:38:39:38:39:Infinity:40:8:40:Infinity":2,"s:42:8:42:Infinity":15,"s:45:4:45:Infinity":16,"s:46:4:46:Infinity":17,"f:46:4:46:17":9,"s:46:17:46:Infinity":18,"s:7:1:7:Infinity":19},"fnNames":{}}}
,"C:\\Users\\ASUS\\Documents\\ChatGPT\\FieldFix\\src\\app\\offline\\account-session.service.ts": {"path":"C:\\Users\\ASUS\\Documents\\ChatGPT\\FieldFix\\src\\app\\offline\\account-session.service.ts","statementMap":{"0":{"start":{"line":11,"column":7},"end":{"line":57,"column":null}},"1":{"start":{"line":13,"column":21},"end":{"line":13,"column":null}},"2":{"start":{"line":14,"column":21},"end":{"line":14,"column":null}},"3":{"start":{"line":17,"column":4},"end":{"line":19,"column":null}},"4":{"start":{"line":18,"column":6},"end":{"line":18,"column":null}},"5":{"start":{"line":18,"column":43},"end":{"line":18,"column":null}},"6":{"start":{"line":24,"column":21},"end":{"line":24,"column":null}},"7":{"start":{"line":26,"column":4},"end":{"line":39,"column":null}},"8":{"start":{"line":27,"column":6},"end":{"line":30,"column":null}},"9":{"start":{"line":33,"column":6},"end":{"line":37,"column":null}},"10":{"start":{"line":34,"column":8},"end":{"line":36,"column":null}},"11":{"start":{"line":38,"column":6},"end":{"line":38,"column":null}},"12":{"start":{"line":40,"column":4},"end":{"line":44,"column":null}},"13":{"start":{"line":41,"column":6},"end":{"line":42,"column":null}},"14":{"start":{"line":42,"column":8},"end":{"line":42,"column":null}},"15":{"start":{"line":43,"column":6},"end":{"line":43,"column":null}},"16":{"start":{"line":45,"column":20},"end":{"line":48,"column":null}},"17":{"start":{"line":49,"column":4},"end":{"line":51,"column":null}},"18":{"start":{"line":50,"column":6},"end":{"line":50,"column":null}},"19":{"start":{"line":52,"column":4},"end":{"line":53,"column":null}},"20":{"start":{"line":53,"column":6},"end":{"line":53,"column":null}},"21":{"start":{"line":54,"column":4},"end":{"line":54,"column":null}},"22":{"start":{"line":55,"column":4},"end":{"line":55,"column":null}},"23":{"start":{"line":10,"column":1},"end":{"line":10,"column":null}}},"fnMap":{"0":{"name":"constructor","decl":{"start":{"line":12,"column":2},"end":{"line":12,"column":null}},"loc":{"start":{"line":15,"column":4},"end":{"line":20,"column":null}},"line":15},"1":{"name":"(anonymous_1)","decl":{"start":{"line":17,"column":15},"end":{"line":17,"column":45}},"loc":{"start":{"line":17,"column":45},"end":{"line":19,"column":5}},"line":17},"2":{"name":"ensureAccount","decl":{"start":{"line":23,"column":8},"end":{"line":23,"column":41}},"loc":{"start":{"line":23,"column":41},"end":{"line":56,"column":null}},"line":23}},"branchMap":{"0":{"loc":{"start":{"line":18,"column":6},"end":{"line":18,"column":null}},"type":"if","locations":[{"start":{"line":18,"column":6},"end":{"line":18,"column":null}},{"start":{},"end":{}}],"line":18},"1":{"loc":{"start":{"line":33,"column":6},"end":{"line":37,"column":null}},"type":"if","locations":[{"start":{"line":33,"column":6},"end":{"line":37,"column":null}},{"start":{},"end":{}}],"line":33},"2":{"loc":{"start":{"line":33,"column":10},"end":{"line":33,"column":53}},"type":"binary-expr","locations":[{"start":{"line":33,"column":10},"end":{"line":33,"column":23}},{"start":{"line":33,"column":23},"end":{"line":33,"column":53}}],"line":33},"3":{"loc":{"start":{"line":40,"column":4},"end":{"line":44,"column":null}},"type":"if","locations":[{"start":{"line":40,"column":4},"end":{"line":44,"column":null}},{"start":{},"end":{}}],"line":40},"4":{"loc":{"start":{"line":41,"column":6},"end":{"line":42,"column":null}},"type":"if","locations":[{"start":{"line":41,"column":6},"end":{"line":42,"column":null}},{"start":{},"end":{}}],"line":41},"5":{"loc":{"start":{"line":41,"column":10},"end":{"line":41,"column":null}},"type":"binary-expr","locations":[{"start":{"line":41,"column":10},"end":{"line":41,"column":37}},{"start":{"line":41,"column":37},"end":{"line":41,"column":null}}],"line":41},"6":{"loc":{"start":{"line":49,"column":4},"end":{"line":51,"column":null}},"type":"if","locations":[{"start":{"line":49,"column":4},"end":{"line":51,"column":null}},{"start":{},"end":{}}],"line":49},"7":{"loc":{"start":{"line":49,"column":8},"end":{"line":49,"column":76}},"type":"binary-expr","locations":[{"start":{"line":49,"column":8},"end":{"line":49,"column":49}},{"start":{"line":49,"column":49},"end":{"line":49,"column":76}}],"line":49},"8":{"loc":{"start":{"line":52,"column":4},"end":{"line":53,"column":null}},"type":"if","locations":[{"start":{"line":52,"column":4},"end":{"line":53,"column":null}},{"start":{},"end":{}}],"line":52},"9":{"loc":{"start":{"line":52,"column":8},"end":{"line":52,"column":null}},"type":"binary-expr","locations":[{"start":{"line":52,"column":8},"end":{"line":52,"column":20}},{"start":{"line":52,"column":20},"end":{"line":52,"column":null}}],"line":52}},"s":{"0":1,"1":1,"2":1,"3":1,"4":0,"5":0,"6":1,"7":1,"8":1,"9":1,"10":0,"11":1,"12":0,"13":0,"14":0,"15":0,"16":0,"17":0,"18":0,"19":0,"20":0,"21":0,"22":0,"23":1},"f":{"0":1,"1":0,"2":1},"b":{"0":[0,0],"1":[0,1],"2":[1,1],"3":[0,0],"4":[0,0],"5":[0,0],"6":[0,0],"7":[0,0],"8":[0,0],"9":[0,0]},"meta":{"lastBranch":10,"lastFunction":3,"lastStatement":24,"seen":{"s:11:7:57:Infinity":0,"f:12:2:12:Infinity":0,"s:13:21:13:Infinity":1,"s:14:21:14:Infinity":2,"s:17:4:19:Infinity":3,"f:17:15:17:45":1,"b:18:6:18:Infinity:undefined:undefined:undefined:undefined":0,"s:18:6:18:Infinity":4,"s:18:43:18:Infinity":5,"f:23:8:23:41":2,"s:24:21:24:Infinity":6,"s:26:4:39:Infinity":7,"s:27:6:30:Infinity":8,"b:33:6:37:Infinity:undefined:undefined:undefined:undefined":1,"s:33:6:37:Infinity":9,"b:33:10:33:23:33:23:33:53":2,"s:34:8:36:Infinity":10,"s:38:6:38:Infinity":11,"b:40:4:44:Infinity:undefined:undefined:undefined:undefined":3,"s:40:4:44:Infinity":12,"b:41:6:42:Infinity:undefined:undefined:undefined:undefined":4,"s:41:6:42:Infinity":13,"b:41:10:41:37:41:37:41:Infinity":5,"s:42:8:42:Infinity":14,"s:43:6:43:Infinity":15,"s:45:20:48:Infinity":16,"b:49:4:51:Infinity:undefined:undefined:undefined:undefined":6,"s:49:4:51:Infinity":17,"b:49:8:49:49:49:49:49:76":7,"s:50:6:50:Infinity":18,"b:52:4:53:Infinity:undefined:undefined:undefined:undefined":8,"s:52:4:53:Infinity":19,"b:52:8:52:20:52:20:52:Infinity":9,"s:53:6:53:Infinity":20,"s:54:4:54:Infinity":21,"s:55:4:55:Infinity":22,"s:10:1:10:Infinity":23},"fnNames":{}}}
,"C:\\Users\\ASUS\\Documents\\ChatGPT\\FieldFix\\src\\app\\offline\\api-response.ts": {"path":"C:\\Users\\ASUS\\Documents\\ChatGPT\\FieldFix\\src\\app\\offline\\api-response.ts","statementMap":{"0":{"start":{"line":6,"column":22},"end":{"line":6,"column":null}},"1":{"start":{"line":7,"column":2},"end":{"line":11,"column":null}},"2":{"start":{"line":8,"column":4},"end":{"line":10,"column":null}},"3":{"start":{"line":12,"column":2},"end":{"line":18,"column":null}},"4":{"start":{"line":13,"column":4},"end":{"line":13,"column":null}},"5":{"start":{"line":15,"column":4},"end":{"line":17,"column":null}}},"fnMap":{"0":{"name":"readJsonResponse","decl":{"start":{"line":2,"column":22},"end":{"line":2,"column":null}},"loc":{"start":{"line":5,"column":14},"end":{"line":19,"column":null}},"line":5}},"branchMap":{"0":{"loc":{"start":{"line":6,"column":22},"end":{"line":6,"column":null}},"type":"binary-expr","locations":[{"start":{"line":6,"column":22},"end":{"line":6,"column":62}},{"start":{"line":6,"column":62},"end":{"line":6,"column":null}}],"line":6},"1":{"loc":{"start":{"line":7,"column":2},"end":{"line":11,"column":null}},"type":"if","locations":[{"start":{"line":7,"column":2},"end":{"line":11,"column":null}},{"start":{},"end":{}}],"line":7},"2":{"loc":{"start":{"line":9,"column":30},"end":{"line":9,"column":71}},"type":"binary-expr","locations":[{"start":{"line":9,"column":30},"end":{"line":9,"column":45}},{"start":{"line":9,"column":45},"end":{"line":9,"column":71}}],"line":9}},"s":{"0":0,"1":0,"2":0,"3":0,"4":0,"5":0},"f":{"0":0},"b":{"0":[0,0],"1":[0,0],"2":[0,0]},"meta":{"lastBranch":3,"lastFunction":1,"lastStatement":6,"seen":{"f:2:22:2:Infinity":0,"s:6:22:6:Infinity":0,"b:6:22:6:62:6:62:6:Infinity":0,"b:7:2:11:Infinity:undefined:undefined:undefined:undefined":1,"s:7:2:11:Infinity":1,"s:8:4:10:Infinity":2,"b:9:30:9:45:9:45:9:71":2,"s:12:2:18:Infinity":3,"s:13:4:13:Infinity":4,"s:15:4:17:Infinity":5},"fnNames":{}}}
,"C:\\Users\\ASUS\\Documents\\ChatGPT\\FieldFix\\src\\app\\offline\\offline-db.ts": {"path":"C:\\Users\\ASUS\\Documents\\ChatGPT\\FieldFix\\src\\app\\offline\\offline-db.ts","statementMap":{"0":{"start":{"line":2,"column":23},"end":{"line":2,"column":null}},"1":{"start":{"line":3,"column":26},"end":{"line":3,"column":null}},"2":{"start":{"line":4,"column":24},"end":{"line":4,"column":null}},"3":{"start":{"line":43,"column":2},"end":{"line":47,"column":null}},"4":{"start":{"line":44,"column":4},"end":{"line":44,"column":null}},"5":{"start":{"line":44,"column":30},"end":{"line":44,"column":null}},"6":{"start":{"line":45,"column":4},"end":{"line":46,"column":null}},"7":{"start":{"line":46,"column":6},"end":{"line":46,"column":null}},"8":{"start":{"line":51,"column":2},"end":{"line":57,"column":null}},"9":{"start":{"line":52,"column":4},"end":{"line":52,"column":null}},"10":{"start":{"line":52,"column":35},"end":{"line":52,"column":null}},"11":{"start":{"line":53,"column":4},"end":{"line":54,"column":null}},"12":{"start":{"line":54,"column":6},"end":{"line":54,"column":null}},"13":{"start":{"line":55,"column":4},"end":{"line":56,"column":null}},"14":{"start":{"line":56,"column":6},"end":{"line":56,"column":null}},"15":{"start":{"line":61,"column":2},"end":{"line":79,"column":null}},"16":{"start":{"line":62,"column":20},"end":{"line":62,"column":null}},"17":{"start":{"line":63,"column":4},"end":{"line":73,"column":null}},"18":{"start":{"line":64,"column":17},"end":{"line":64,"column":null}},"19":{"start":{"line":65,"column":6},"end":{"line":66,"column":null}},"20":{"start":{"line":66,"column":8},"end":{"line":66,"column":null}},"21":{"start":{"line":67,"column":6},"end":{"line":72,"column":null}},"22":{"start":{"line":68,"column":22},"end":{"line":70,"column":null}},"23":{"start":{"line":71,"column":8},"end":{"line":71,"column":null}},"24":{"start":{"line":74,"column":4},"end":{"line":74,"column":null}},"25":{"start":{"line":74,"column":30},"end":{"line":74,"column":null}},"26":{"start":{"line":75,"column":4},"end":{"line":76,"column":null}},"27":{"start":{"line":76,"column":6},"end":{"line":76,"column":null}},"28":{"start":{"line":77,"column":4},"end":{"line":78,"column":null}},"29":{"start":{"line":78,"column":6},"end":{"line":78,"column":null}},"30":{"start":{"line":94,"column":4},"end":{"line":94,"column":null}},"31":{"start":{"line":95,"column":13},"end":{"line":95,"column":null}},"32":{"start":{"line":96,"column":16},"end":{"line":96,"column":null}},"33":{"start":{"line":97,"column":14},"end":{"line":99,"column":null}},"34":{"start":{"line":100,"column":14},"end":{"line":100,"column":null}},"35":{"start":{"line":101,"column":20},"end":{"line":108,"column":null}},"36":{"start":{"line":104,"column":8},"end":{"line":106,"column":null}},"37":{"start":{"line":108,"column":20},"end":{"line":108,"column":58}},"38":{"start":{"line":109,"column":2},"end":{"line":113,"column":null}},"39":{"start":{"line":110,"column":4},"end":{"line":110,"column":null}},"40":{"start":{"line":111,"column":4},"end":{"line":111,"column":null}},"41":{"start":{"line":112,"column":4},"end":{"line":112,"column":null}},"42":{"start":{"line":114,"column":2},"end":{"line":114,"column":null}},"43":{"start":{"line":115,"column":2},"end":{"line":115,"column":null}},"44":{"start":{"line":128,"column":4},"end":{"line":128,"column":null}},"45":{"start":{"line":129,"column":13},"end":{"line":129,"column":null}},"46":{"start":{"line":130,"column":16},"end":{"line":130,"column":null}},"47":{"start":{"line":131,"column":18},"end":{"line":133,"column":null}},"48":{"start":{"line":134,"column":2},"end":{"line":149,"column":null}},"49":{"start":{"line":135,"column":4},"end":{"line":148,"column":null}},"50":{"start":{"line":135,"column":28},"end":{"line":135,"column":null}},"51":{"start":{"line":137,"column":6},"end":{"line":137,"column":null}},"52":{"start":{"line":138,"column":6},"end":{"line":138,"column":null}},"53":{"start":{"line":139,"column":6},"end":{"line":139,"column":null}},"54":{"start":{"line":140,"column":6},"end":{"line":140,"column":null}},"55":{"start":{"line":141,"column":6},"end":{"line":141,"column":null}},"56":{"start":{"line":142,"column":6},"end":{"line":146,"column":null}},"57":{"start":{"line":147,"column":6},"end":{"line":147,"column":null}},"58":{"start":{"line":150,"column":2},"end":{"line":150,"column":null}},"59":{"start":{"line":157,"column":2},"end":{"line":157,"column":null}},"60":{"start":{"line":157,"column":25},"end":{"line":157,"column":null}},"61":{"start":{"line":158,"column":2},"end":{"line":204,"column":null}},"62":{"start":{"line":160,"column":23},"end":{"line":160,"column":null}},"63":{"start":{"line":161,"column":20},"end":{"line":161,"column":null}},"64":{"start":{"line":161,"column":37},"end":{"line":161,"column":57}},"65":{"start":{"line":163,"column":4},"end":{"line":190,"column":null}},"66":{"start":{"line":164,"column":6},"end":{"line":187,"column":null}},"67":{"start":{"line":189,"column":6},"end":{"line":189,"column":null}},"68":{"start":{"line":191,"column":4},"end":{"line":191,"column":null}},"69":{"start":{"line":191,"column":21},"end":{"line":191,"column":null}},"70":{"start":{"line":192,"column":4},"end":{"line":200,"column":null}},"71":{"start":{"line":200,"column":6},"end":{"line":200,"column":null}},"72":{"start":{"line":201,"column":4},"end":{"line":201,"column":null}},"73":{"start":{"line":203,"column":4},"end":{"line":203,"column":null}}},"fnMap":{"0":{"name":"requestResult","decl":{"start":{"line":42,"column":16},"end":{"line":42,"column":33}},"loc":{"start":{"line":42,"column":69},"end":{"line":48,"column":null}},"line":42},"1":{"name":"(anonymous_1)","decl":{"start":{"line":43,"column":13},"end":{"line":43,"column":22}},"loc":{"start":{"line":43,"column":42},"end":{"line":47,"column":3}},"line":43},"2":{"name":"(anonymous_2)","decl":{"start":{"line":44,"column":12},"end":{"line":44,"column":30}},"loc":{"start":{"line":44,"column":30},"end":{"line":44,"column":null}},"line":44},"3":{"name":"(anonymous_3)","decl":{"start":{"line":45,"column":12},"end":{"line":45,"column":null}},"loc":{"start":{"line":46,"column":6},"end":{"line":46,"column":null}},"line":46},"4":{"name":"transactionDone","decl":{"start":{"line":50,"column":16},"end":{"line":50,"column":32}},"loc":{"start":{"line":50,"column":76},"end":{"line":58,"column":null}},"line":50},"5":{"name":"(anonymous_5)","decl":{"start":{"line":51,"column":13},"end":{"line":51,"column":22}},"loc":{"start":{"line":51,"column":42},"end":{"line":57,"column":3}},"line":51},"6":{"name":"(anonymous_6)","decl":{"start":{"line":52,"column":16},"end":{"line":52,"column":35}},"loc":{"start":{"line":52,"column":35},"end":{"line":52,"column":null}},"line":52},"7":{"name":"(anonymous_7)","decl":{"start":{"line":53,"column":16},"end":{"line":53,"column":null}},"loc":{"start":{"line":54,"column":6},"end":{"line":54,"column":null}},"line":54},"8":{"name":"(anonymous_8)","decl":{"start":{"line":55,"column":16},"end":{"line":55,"column":null}},"loc":{"start":{"line":56,"column":6},"end":{"line":56,"column":null}},"line":56},"9":{"name":"openFieldFixDb","decl":{"start":{"line":60,"column":16},"end":{"line":60,"column":55}},"loc":{"start":{"line":60,"column":55},"end":{"line":80,"column":null}},"line":60},"10":{"name":"(anonymous_10)","decl":{"start":{"line":61,"column":13},"end":{"line":61,"column":22}},"loc":{"start":{"line":61,"column":42},"end":{"line":79,"column":3}},"line":61},"11":{"name":"(anonymous_11)","decl":{"start":{"line":63,"column":12},"end":{"line":63,"column":36}},"loc":{"start":{"line":63,"column":36},"end":{"line":73,"column":null}},"line":63},"12":{"name":"(anonymous_12)","decl":{"start":{"line":74,"column":12},"end":{"line":74,"column":30}},"loc":{"start":{"line":74,"column":30},"end":{"line":74,"column":null}},"line":74},"13":{"name":"(anonymous_13)","decl":{"start":{"line":75,"column":12},"end":{"line":75,"column":null}},"loc":{"start":{"line":76,"column":6},"end":{"line":76,"column":null}},"line":76},"14":{"name":"(anonymous_14)","decl":{"start":{"line":77,"column":12},"end":{"line":77,"column":null}},"loc":{"start":{"line":78,"column":6},"end":{"line":78,"column":null}},"line":78},"15":{"name":"claimNextReport","decl":{"start":{"line":88,"column":22},"end":{"line":88,"column":null}},"loc":{"start":{"line":92,"column":38},"end":{"line":116,"column":null}},"line":92},"16":{"name":"(anonymous_16)","decl":{"start":{"line":102,"column":5},"end":{"line":102,"column":null}},"loc":{"start":{"line":104,"column":8},"end":{"line":106,"column":null}},"line":104},"17":{"name":"(anonymous_17)","decl":{"start":{"line":108,"column":5},"end":{"line":108,"column":11}},"loc":{"start":{"line":108,"column":20},"end":{"line":108,"column":58}},"line":108},"18":{"name":"settleReport","decl":{"start":{"line":119,"column":22},"end":{"line":119,"column":null}},"loc":{"start":{"line":126,"column":17},"end":{"line":151,"column":null}},"line":126},"19":{"name":"sendReport","decl":{"start":{"line":154,"column":22},"end":{"line":154,"column":null}},"loc":{"start":{"line":156,"column":42},"end":{"line":205,"column":null}},"line":156},"20":{"name":"(anonymous_20)","decl":{"start":{"line":161,"column":20},"end":{"line":161,"column":37}},"loc":{"start":{"line":161,"column":37},"end":{"line":161,"column":57}},"line":161}},"branchMap":{"0":{"loc":{"start":{"line":46,"column":13},"end":{"line":46,"column":67}},"type":"binary-expr","locations":[{"start":{"line":46,"column":13},"end":{"line":46,"column":30}},{"start":{"line":46,"column":30},"end":{"line":46,"column":67}}],"line":46},"1":{"loc":{"start":{"line":54,"column":13},"end":{"line":54,"column":66}},"type":"binary-expr","locations":[{"start":{"line":54,"column":13},"end":{"line":54,"column":34}},{"start":{"line":54,"column":34},"end":{"line":54,"column":66}}],"line":54},"2":{"loc":{"start":{"line":56,"column":13},"end":{"line":56,"column":65}},"type":"binary-expr","locations":[{"start":{"line":56,"column":13},"end":{"line":56,"column":34}},{"start":{"line":56,"column":34},"end":{"line":56,"column":65}}],"line":56},"3":{"loc":{"start":{"line":65,"column":6},"end":{"line":66,"column":null}},"type":"if","locations":[{"start":{"line":65,"column":6},"end":{"line":66,"column":null}},{"start":{},"end":{}}],"line":65},"4":{"loc":{"start":{"line":67,"column":6},"end":{"line":72,"column":null}},"type":"if","locations":[{"start":{"line":67,"column":6},"end":{"line":72,"column":null}},{"start":{},"end":{}}],"line":67},"5":{"loc":{"start":{"line":76,"column":13},"end":{"line":76,"column":67}},"type":"binary-expr","locations":[{"start":{"line":76,"column":13},"end":{"line":76,"column":30}},{"start":{"line":76,"column":30},"end":{"line":76,"column":67}}],"line":76},"6":{"loc":{"start":{"line":91,"column":2},"end":{"line":91,"column":null}},"type":"default-arg","locations":[{"start":{"line":91,"column":38},"end":{"line":91,"column":null}}],"line":91},"7":{"loc":{"start":{"line":93,"column":10},"end":{"line":93,"column":43}},"type":"default-arg","locations":[{"start":{"line":93,"column":28},"end":{"line":93,"column":43}}],"line":93},"8":{"loc":{"start":{"line":93,"column":43},"end":{"line":93,"column":null}},"type":"default-arg","locations":[{"start":{"line":93,"column":63},"end":{"line":93,"column":null}}],"line":93},"9":{"loc":{"start":{"line":104,"column":8},"end":{"line":106,"column":null}},"type":"binary-expr","locations":[{"start":{"line":104,"column":8},"end":{"line":104,"column":null}},{"start":{"line":105,"column":8},"end":{"line":105,"column":null}},{"start":{"line":106,"column":9},"end":{"line":106,"column":26}},{"start":{"line":106,"column":26},"end":{"line":106,"column":null}}],"line":104},"10":{"loc":{"start":{"line":109,"column":2},"end":{"line":113,"column":null}},"type":"if","locations":[{"start":{"line":109,"column":2},"end":{"line":113,"column":null}},{"start":{},"end":{}}],"line":109},"11":{"loc":{"start":{"line":125,"column":2},"end":{"line":125,"column":null}},"type":"default-arg","locations":[{"start":{"line":125,"column":38},"end":{"line":125,"column":null}}],"line":125},"12":{"loc":{"start":{"line":127,"column":10},"end":{"line":127,"column":43}},"type":"default-arg","locations":[{"start":{"line":127,"column":28},"end":{"line":127,"column":43}}],"line":127},"13":{"loc":{"start":{"line":127,"column":43},"end":{"line":127,"column":null}},"type":"default-arg","locations":[{"start":{"line":127,"column":63},"end":{"line":127,"column":null}}],"line":127},"14":{"loc":{"start":{"line":134,"column":2},"end":{"line":149,"column":null}},"type":"if","locations":[{"start":{"line":134,"column":2},"end":{"line":149,"column":null}},{"start":{},"end":{}}],"line":134},"15":{"loc":{"start":{"line":135,"column":4},"end":{"line":148,"column":null}},"type":"if","locations":[{"start":{"line":135,"column":4},"end":{"line":148,"column":null}},{"start":{"line":136,"column":9},"end":{"line":148,"column":null}}],"line":135},"16":{"loc":{"start":{"line":141,"column":22},"end":{"line":141,"column":null}},"type":"cond-expr","locations":[{"start":{"line":141,"column":47},"end":{"line":141,"column":60}},{"start":{"line":141,"column":60},"end":{"line":141,"column":null}}],"line":141},"17":{"loc":{"start":{"line":143,"column":8},"end":{"line":146,"column":null}},"type":"cond-expr","locations":[{"start":{"line":144,"column":12},"end":{"line":145,"column":null}},{"start":{"line":146,"column":12},"end":{"line":146,"column":null}}],"line":143},"18":{"loc":{"start":{"line":157,"column":2},"end":{"line":157,"column":null}},"type":"if","locations":[{"start":{"line":157,"column":2},"end":{"line":157,"column":null}},{"start":{},"end":{}}],"line":157},"19":{"loc":{"start":{"line":191,"column":4},"end":{"line":191,"column":null}},"type":"if","locations":[{"start":{"line":191,"column":4},"end":{"line":191,"column":null}},{"start":{},"end":{}}],"line":191},"20":{"loc":{"start":{"line":192,"column":4},"end":{"line":200,"column":null}},"type":"if","locations":[{"start":{"line":192,"column":4},"end":{"line":200,"column":null}},{"start":{},"end":{}}],"line":192},"21":{"loc":{"start":{"line":193,"column":6},"end":{"line":198,"column":null}},"type":"binary-expr","locations":[{"start":{"line":193,"column":6},"end":{"line":193,"column":null}},{"start":{"line":194,"column":6},"end":{"line":194,"column":null}},{"start":{"line":195,"column":7},"end":{"line":195,"column":null}},{"start":{"line":196,"column":8},"end":{"line":196,"column":null}},{"start":{"line":197,"column":8},"end":{"line":197,"column":null}},{"start":{"line":198,"column":8},"end":{"line":198,"column":null}}],"line":193}},"s":{"0":1,"1":1,"2":1,"3":2,"4":2,"5":1,"6":2,"7":1,"8":2,"9":2,"10":1,"11":2,"12":1,"13":2,"14":0,"15":0,"16":0,"17":0,"18":0,"19":0,"20":0,"21":0,"22":0,"23":0,"24":0,"25":0,"26":0,"27":0,"28":0,"29":0,"30":1,"31":1,"32":1,"33":1,"34":1,"35":1,"36":1,"37":0,"38":1,"39":1,"40":1,"41":1,"42":1,"43":1,"44":2,"45":2,"46":2,"47":2,"48":2,"49":2,"50":1,"51":1,"52":1,"53":1,"54":1,"55":1,"56":1,"57":1,"58":2,"59":4,"60":1,"61":3,"62":3,"63":3,"64":0,"65":3,"66":3,"67":3,"68":2,"69":1,"70":1,"71":1,"72":0,"73":1},"f":{"0":2,"1":2,"2":1,"3":1,"4":2,"5":2,"6":1,"7":1,"8":0,"9":0,"10":0,"11":0,"12":0,"13":0,"14":0,"15":1,"16":1,"17":0,"18":2,"19":4,"20":0},"b":{"0":[1,0],"1":[1,0],"2":[0,0],"3":[0,0],"4":[0,0],"5":[0,0],"6":[1],"7":[1],"8":[1],"9":[1,1,1,0],"10":[1,0],"11":[2],"12":[2],"13":[2],"14":[2,0],"15":[1,1],"16":[0,1],"17":[1,0],"18":[1,3],"19":[1,1],"20":[1,0],"21":[1,0,0,0,0,0]},"meta":{"lastBranch":22,"lastFunction":21,"lastStatement":74,"seen":{"s:2:23:2:Infinity":0,"s:3:26:3:Infinity":1,"s:4:24:4:Infinity":2,"f:42:16:42:33":0,"s:43:2:47:Infinity":3,"f:43:13:43:22":1,"s:44:4:44:Infinity":4,"f:44:12:44:30":2,"s:44:30:44:Infinity":5,"s:45:4:46:Infinity":6,"f:45:12:45:Infinity":3,"s:46:6:46:Infinity":7,"b:46:13:46:30:46:30:46:67":0,"f:50:16:50:32":4,"s:51:2:57:Infinity":8,"f:51:13:51:22":5,"s:52:4:52:Infinity":9,"f:52:16:52:35":6,"s:52:35:52:Infinity":10,"s:53:4:54:Infinity":11,"f:53:16:53:Infinity":7,"s:54:6:54:Infinity":12,"b:54:13:54:34:54:34:54:66":1,"s:55:4:56:Infinity":13,"f:55:16:55:Infinity":8,"s:56:6:56:Infinity":14,"b:56:13:56:34:56:34:56:65":2,"f:60:16:60:55":9,"s:61:2:79:Infinity":15,"f:61:13:61:22":10,"s:62:20:62:Infinity":16,"s:63:4:73:Infinity":17,"f:63:12:63:36":11,"s:64:17:64:Infinity":18,"b:65:6:66:Infinity:undefined:undefined:undefined:undefined":3,"s:65:6:66:Infinity":19,"s:66:8:66:Infinity":20,"b:67:6:72:Infinity:undefined:undefined:undefined:undefined":4,"s:67:6:72:Infinity":21,"s:68:22:70:Infinity":22,"s:71:8:71:Infinity":23,"s:74:4:74:Infinity":24,"f:74:12:74:30":12,"s:74:30:74:Infinity":25,"s:75:4:76:Infinity":26,"f:75:12:75:Infinity":13,"s:76:6:76:Infinity":27,"b:76:13:76:30:76:30:76:67":5,"s:77:4:78:Infinity":28,"f:77:12:77:Infinity":14,"s:78:6:78:Infinity":29,"f:88:22:88:Infinity":15,"b:91:38:91:Infinity":6,"s:94:4:94:Infinity":30,"b:93:28:93:43":7,"b:93:63:93:Infinity":8,"s:95:13:95:Infinity":31,"s:96:16:96:Infinity":32,"s:97:14:99:Infinity":33,"s:100:14:100:Infinity":34,"s:101:20:108:Infinity":35,"f:102:5:102:Infinity":16,"s:104:8:106:Infinity":36,"b:104:8:104:Infinity:105:8:105:Infinity:106:9:106:26:106:26:106:Infinity":9,"f:108:5:108:11":17,"s:108:20:108:58":37,"b:109:2:113:Infinity:undefined:undefined:undefined:undefined":10,"s:109:2:113:Infinity":38,"s:110:4:110:Infinity":39,"s:111:4:111:Infinity":40,"s:112:4:112:Infinity":41,"s:114:2:114:Infinity":42,"s:115:2:115:Infinity":43,"f:119:22:119:Infinity":18,"b:125:38:125:Infinity":11,"s:128:4:128:Infinity":44,"b:127:28:127:43":12,"b:127:63:127:Infinity":13,"s:129:13:129:Infinity":45,"s:130:16:130:Infinity":46,"s:131:18:133:Infinity":47,"b:134:2:149:Infinity:undefined:undefined:undefined:undefined":14,"s:134:2:149:Infinity":48,"b:135:4:148:Infinity:136:9:148:Infinity":15,"s:135:4:148:Infinity":49,"s:135:28:135:Infinity":50,"s:137:6:137:Infinity":51,"s:138:6:138:Infinity":52,"s:139:6:139:Infinity":53,"s:140:6:140:Infinity":54,"s:141:6:141:Infinity":55,"b:141:47:141:60:141:60:141:Infinity":16,"s:142:6:146:Infinity":56,"b:144:12:145:Infinity:146:12:146:Infinity":17,"s:147:6:147:Infinity":57,"s:150:2:150:Infinity":58,"f:154:22:154:Infinity":19,"b:157:2:157:Infinity:undefined:undefined:undefined:undefined":18,"s:157:2:157:Infinity":59,"s:157:25:157:Infinity":60,"s:158:2:204:Infinity":61,"s:160:23:160:Infinity":62,"s:161:20:161:Infinity":63,"f:161:20:161:37":20,"s:161:37:161:57":64,"s:163:4:190:Infinity":65,"s:164:6:187:Infinity":66,"s:189:6:189:Infinity":67,"b:191:4:191:Infinity:undefined:undefined:undefined:undefined":19,"s:191:4:191:Infinity":68,"s:191:21:191:Infinity":69,"b:192:4:200:Infinity:undefined:undefined:undefined:undefined":20,"s:192:4:200:Infinity":70,"b:193:6:193:Infinity:194:6:194:Infinity:195:7:195:Infinity:196:8:196:Infinity:197:8:197:Infinity:198:8:198:Infinity":21,"s:200:6:200:Infinity":71,"s:201:4:201:Infinity":72,"s:203:4:203:Infinity":73},"fnNames":{}}}
,"C:\\Users\\ASUS\\Documents\\ChatGPT\\FieldFix\\src\\app\\task-report\\task-report.service.ts": {"path":"C:\\Users\\ASUS\\Documents\\ChatGPT\\FieldFix\\src\\app\\task-report\\task-report.service.ts","statementMap":{"0":{"start":{"line":22,"column":25},"end":{"line":22,"column":null}},"1":{"start":{"line":23,"column":21},"end":{"line":23,"column":null}},"2":{"start":{"line":25,"column":4},"end":{"line":32,"column":null}},"3":{"start":{"line":26,"column":6},"end":{"line":31,"column":null}},"4":{"start":{"line":34,"column":4},"end":{"line":41,"column":null}},"5":{"start":{"line":35,"column":6},"end":{"line":40,"column":null}},"6":{"start":{"line":43,"column":4},"end":{"line":53,"column":null}},"7":{"start":{"line":47,"column":6},"end":{"line":52,"column":null}},"8":{"start":{"line":55,"column":29},"end":{"line":66,"column":null}},"9":{"start":{"line":56,"column":19},"end":{"line":56,"column":null}},"10":{"start":{"line":57,"column":23},"end":{"line":57,"column":null}},"11":{"start":{"line":58,"column":23},"end":{"line":58,"column":null}},"12":{"start":{"line":60,"column":6},"end":{"line":65,"column":null}},"13":{"start":{"line":68,"column":23},"end":{"line":68,"column":null}},"14":{"start":{"line":69,"column":35},"end":{"line":79,"column":null}},"15":{"start":{"line":81,"column":4},"end":{"line":87,"column":null}},"16":{"start":{"line":91,"column":17},"end":{"line":91,"column":null}},"17":{"start":{"line":93,"column":4},"end":{"line":108,"column":null}},"18":{"start":{"line":94,"column":6},"end":{"line":97,"column":null}},"19":{"start":{"line":95,"column":20},"end":{"line":95,"column":null}},"20":{"start":{"line":96,"column":8},"end":{"line":96,"column":null}},"21":{"start":{"line":99,"column":18},"end":{"line":99,"column":null}},"22":{"start":{"line":100,"column":23},"end":{"line":100,"column":null}},"23":{"start":{"line":101,"column":23},"end":{"line":101,"column":null}},"24":{"start":{"line":102,"column":6},"end":{"line":106,"column":null}},"25":{"start":{"line":117,"column":19},"end":{"line":117,"column":null}},"26":{"start":{"line":119,"column":4},"end":{"line":121,"column":null}},"27":{"start":{"line":120,"column":6},"end":{"line":120,"column":null}},"28":{"start":{"line":123,"column":4},"end":{"line":123,"column":null}},"29":{"start":{"line":124,"column":4},"end":{"line":127,"column":null}},"30":{"start":{"line":131,"column":17},"end":{"line":133,"column":null}},"31":{"start":{"line":134,"column":4},"end":{"line":134,"column":null}},"32":{"start":{"line":134,"column":27},"end":{"line":134,"column":null}},"33":{"start":{"line":136,"column":16},"end":{"line":136,"column":null}},"34":{"start":{"line":137,"column":24},"end":{"line":137,"column":null}},"35":{"start":{"line":138,"column":21},"end":{"line":138,"column":null}},"36":{"start":{"line":139,"column":21},"end":{"line":139,"column":null}},"37":{"start":{"line":141,"column":4},"end":{"line":141,"column":null}},"38":{"start":{"line":141,"column":36},"end":{"line":141,"column":null}},"39":{"start":{"line":142,"column":4},"end":{"line":143,"column":null}},"40":{"start":{"line":143,"column":6},"end":{"line":143,"column":null}},"41":{"start":{"line":144,"column":4},"end":{"line":145,"column":null}},"42":{"start":{"line":145,"column":6},"end":{"line":145,"column":null}},"43":{"start":{"line":146,"column":4},"end":{"line":147,"column":null}},"44":{"start":{"line":147,"column":6},"end":{"line":147,"column":null}},"45":{"start":{"line":149,"column":4},"end":{"line":149,"column":null}},"46":{"start":{"line":153,"column":4},"end":{"line":153,"column":null}}},"fnMap":{"0":{"name":"validateAndBuildPayload","decl":{"start":{"line":17,"column":2},"end":{"line":17,"column":null}},"loc":{"start":{"line":21,"column":32},"end":{"line":88,"column":null}},"line":21},"1":{"name":"(anonymous_1)","decl":{"start":{"line":55,"column":51},"end":{"line":55,"column":56}},"loc":{"start":{"line":55,"column":64},"end":{"line":66,"column":5}},"line":55},"2":{"name":"calculateTotalCents","decl":{"start":{"line":90,"column":2},"end":{"line":90,"column":10}},"loc":{"start":{"line":90,"column":68},"end":{"line":109,"column":null}},"line":90},"3":{"name":"(anonymous_3)","decl":{"start":{"line":93,"column":16},"end":{"line":93,"column":24}},"loc":{"start":{"line":93,"column":39},"end":{"line":108,"column":7}},"line":93},"4":{"name":"queueReport","decl":{"start":{"line":111,"column":8},"end":{"line":111,"column":null}},"loc":{"start":{"line":116,"column":47},"end":{"line":128,"column":null}},"line":116},"5":{"name":"partError","decl":{"start":{"line":130,"column":9},"end":{"line":130,"column":19}},"loc":{"start":{"line":130,"column":59},"end":{"line":150,"column":null}},"line":130},"6":{"name":"nonBlank","decl":{"start":{"line":152,"column":9},"end":{"line":152,"column":18}},"loc":{"start":{"line":152,"column":68},"end":{"line":154,"column":null}},"line":152}},"branchMap":{"0":{"loc":{"start":{"line":25,"column":4},"end":{"line":32,"column":null}},"type":"if","locations":[{"start":{"line":25,"column":4},"end":{"line":32,"column":null}},{"start":{},"end":{}}],"line":25},"1":{"loc":{"start":{"line":25,"column":8},"end":{"line":25,"column":29}},"type":"binary-expr","locations":[{"start":{"line":25,"column":8},"end":{"line":25,"column":17}},{"start":{"line":25,"column":17},"end":{"line":25,"column":29}}],"line":25},"2":{"loc":{"start":{"line":34,"column":4},"end":{"line":41,"column":null}},"type":"if","locations":[{"start":{"line":34,"column":4},"end":{"line":41,"column":null}},{"start":{},"end":{}}],"line":34},"3":{"loc":{"start":{"line":43,"column":4},"end":{"line":53,"column":null}},"type":"if","locations":[{"start":{"line":43,"column":4},"end":{"line":53,"column":null}},{"start":{},"end":{}}],"line":43},"4":{"loc":{"start":{"line":44,"column":6},"end":{"line":45,"column":null}},"type":"binary-expr","locations":[{"start":{"line":44,"column":6},"end":{"line":44,"column":null}},{"start":{"line":45,"column":6},"end":{"line":45,"column":null}}],"line":44},"5":{"loc":{"start":{"line":91,"column":17},"end":{"line":91,"column":null}},"type":"cond-expr","locations":[{"start":{"line":91,"column":40},"end":{"line":91,"column":48}},{"start":{"line":91,"column":48},"end":{"line":91,"column":null}}],"line":91},"6":{"loc":{"start":{"line":94,"column":6},"end":{"line":97,"column":null}},"type":"if","locations":[{"start":{"line":94,"column":6},"end":{"line":97,"column":null}},{"start":{},"end":{}}],"line":94},"7":{"loc":{"start":{"line":104,"column":9},"end":{"line":106,"column":null}},"type":"cond-expr","locations":[{"start":{"line":105,"column":12},"end":{"line":105,"column":null}},{"start":{"line":106,"column":12},"end":{"line":106,"column":null}}],"line":104},"8":{"loc":{"start":{"line":104,"column":9},"end":{"line":104,"column":null}},"type":"binary-expr","locations":[{"start":{"line":104,"column":9},"end":{"line":104,"column":38}},{"start":{"line":104,"column":38},"end":{"line":104,"column":null}}],"line":104},"9":{"loc":{"start":{"line":119,"column":4},"end":{"line":121,"column":null}},"type":"if","locations":[{"start":{"line":119,"column":4},"end":{"line":121,"column":null}},{"start":{},"end":{}}],"line":119},"10":{"loc":{"start":{"line":119,"column":8},"end":{"line":119,"column":44}},"type":"binary-expr","locations":[{"start":{"line":119,"column":8},"end":{"line":119,"column":27}},{"start":{"line":119,"column":27},"end":{"line":119,"column":44}}],"line":119},"11":{"loc":{"start":{"line":134,"column":4},"end":{"line":134,"column":null}},"type":"if","locations":[{"start":{"line":134,"column":4},"end":{"line":134,"column":null}},{"start":{},"end":{}}],"line":134},"12":{"loc":{"start":{"line":134,"column":8},"end":{"line":134,"column":27}},"type":"binary-expr","locations":[{"start":{"line":134,"column":8},"end":{"line":134,"column":16}},{"start":{"line":134,"column":16},"end":{"line":134,"column":27}}],"line":134},"13":{"loc":{"start":{"line":141,"column":4},"end":{"line":141,"column":null}},"type":"if","locations":[{"start":{"line":141,"column":4},"end":{"line":141,"column":null}},{"start":{},"end":{}}],"line":141},"14":{"loc":{"start":{"line":141,"column":8},"end":{"line":141,"column":36}},"type":"binary-expr","locations":[{"start":{"line":141,"column":8},"end":{"line":141,"column":23}},{"start":{"line":141,"column":23},"end":{"line":141,"column":36}}],"line":141},"15":{"loc":{"start":{"line":142,"column":4},"end":{"line":143,"column":null}},"type":"if","locations":[{"start":{"line":142,"column":4},"end":{"line":143,"column":null}},{"start":{},"end":{}}],"line":142},"16":{"loc":{"start":{"line":142,"column":8},"end":{"line":142,"column":null}},"type":"binary-expr","locations":[{"start":{"line":142,"column":8},"end":{"line":142,"column":31}},{"start":{"line":142,"column":31},"end":{"line":142,"column":null}}],"line":142},"17":{"loc":{"start":{"line":144,"column":4},"end":{"line":145,"column":null}},"type":"if","locations":[{"start":{"line":144,"column":4},"end":{"line":145,"column":null}},{"start":{},"end":{}}],"line":144},"18":{"loc":{"start":{"line":144,"column":8},"end":{"line":144,"column":null}},"type":"binary-expr","locations":[{"start":{"line":144,"column":8},"end":{"line":144,"column":28}},{"start":{"line":144,"column":28},"end":{"line":144,"column":null}}],"line":144},"19":{"loc":{"start":{"line":146,"column":4},"end":{"line":147,"column":null}},"type":"if","locations":[{"start":{"line":146,"column":4},"end":{"line":147,"column":null}},{"start":{},"end":{}}],"line":146},"20":{"loc":{"start":{"line":146,"column":8},"end":{"line":146,"column":null}},"type":"binary-expr","locations":[{"start":{"line":146,"column":8},"end":{"line":146,"column":28}},{"start":{"line":146,"column":28},"end":{"line":146,"column":null}}],"line":146},"21":{"loc":{"start":{"line":153,"column":11},"end":{"line":153,"column":null}},"type":"cond-expr","locations":[{"start":{"line":153,"column":55},"end":{"line":153,"column":62}},{"start":{"line":153,"column":62},"end":{"line":153,"column":null}}],"line":153},"22":{"loc":{"start":{"line":153,"column":18},"end":{"line":153,"column":37}},"type":"binary-expr","locations":[{"start":{"line":153,"column":18},"end":{"line":153,"column":35}},{"start":{"line":153,"column":35},"end":{"line":153,"column":37}}],"line":153}},"s":{"0":3,"1":3,"2":3,"3":0,"4":3,"5":1,"6":2,"7":0,"8":2,"9":2,"10":2,"11":2,"12":2,"13":2,"14":2,"15":2,"16":4,"17":4,"18":4,"19":0,"20":0,"21":4,"22":4,"23":4,"24":4,"25":1,"26":1,"27":0,"28":1,"29":1,"30":0,"31":0,"32":0,"33":0,"34":0,"35":0,"36":0,"37":0,"38":0,"39":0,"40":0,"41":0,"42":0,"43":0,"44":0,"45":0,"46":0},"f":{"0":3,"1":2,"2":4,"3":4,"4":1,"5":1,"6":1},"b":{"0":[0,3],"1":[3,3],"2":[1,2],"3":[0,2],"4":[2,2],"5":[0,4],"6":[0,4],"7":[4,0],"8":[4,4],"9":[0,1],"10":[1,1],"11":[0,0],"12":[0,0],"13":[0,0],"14":[0,0],"15":[0,0],"16":[0,0],"17":[0,0],"18":[0,0],"19":[0,0],"20":[0,0],"21":[0,0],"22":[0,0]},"meta":{"lastBranch":23,"lastFunction":7,"lastStatement":47,"seen":{"f:17:2:17:Infinity":0,"s:22:25:22:Infinity":0,"s:23:21:23:Infinity":1,"b:25:4:32:Infinity:undefined:undefined:undefined:undefined":0,"s:25:4:32:Infinity":2,"b:25:8:25:17:25:17:25:29":1,"s:26:6:31:Infinity":3,"b:34:4:41:Infinity:undefined:undefined:undefined:undefined":2,"s:34:4:41:Infinity":4,"s:35:6:40:Infinity":5,"b:43:4:53:Infinity:undefined:undefined:undefined:undefined":3,"s:43:4:53:Infinity":6,"b:44:6:44:Infinity:45:6:45:Infinity":4,"s:47:6:52:Infinity":7,"s:55:29:66:Infinity":8,"f:55:51:55:56":1,"s:56:19:56:Infinity":9,"s:57:23:57:Infinity":10,"s:58:23:58:Infinity":11,"s:60:6:65:Infinity":12,"s:68:23:68:Infinity":13,"s:69:35:79:Infinity":14,"s:81:4:87:Infinity":15,"f:90:2:90:10":2,"s:91:17:91:Infinity":16,"b:91:40:91:48:91:48:91:Infinity":5,"s:93:4:108:Infinity":17,"f:93:16:93:24":3,"b:94:6:97:Infinity:undefined:undefined:undefined:undefined":6,"s:94:6:97:Infinity":18,"s:95:20:95:Infinity":19,"s:96:8:96:Infinity":20,"s:99:18:99:Infinity":21,"s:100:23:100:Infinity":22,"s:101:23:101:Infinity":23,"s:102:6:106:Infinity":24,"b:105:12:105:Infinity:106:12:106:Infinity":7,"b:104:9:104:38:104:38:104:Infinity":8,"f:111:8:111:Infinity":4,"s:117:19:117:Infinity":25,"b:119:4:121:Infinity:undefined:undefined:undefined:undefined":9,"s:119:4:121:Infinity":26,"b:119:8:119:27:119:27:119:44":10,"s:120:6:120:Infinity":27,"s:123:4:123:Infinity":28,"s:124:4:127:Infinity":29,"f:130:9:130:19":5,"s:131:17:133:Infinity":30,"b:134:4:134:Infinity:undefined:undefined:undefined:undefined":11,"s:134:4:134:Infinity":31,"b:134:8:134:16:134:16:134:27":12,"s:134:27:134:Infinity":32,"s:136:16:136:Infinity":33,"s:137:24:137:Infinity":34,"s:138:21:138:Infinity":35,"s:139:21:139:Infinity":36,"b:141:4:141:Infinity:undefined:undefined:undefined:undefined":13,"s:141:4:141:Infinity":37,"b:141:8:141:23:141:23:141:36":14,"s:141:36:141:Infinity":38,"b:142:4:143:Infinity:undefined:undefined:undefined:undefined":15,"s:142:4:143:Infinity":39,"b:142:8:142:31:142:31:142:Infinity":16,"s:143:6:143:Infinity":40,"b:144:4:145:Infinity:undefined:undefined:undefined:undefined":17,"s:144:4:145:Infinity":41,"b:144:8:144:28:144:28:144:Infinity":18,"s:145:6:145:Infinity":42,"b:146:4:147:Infinity:undefined:undefined:undefined:undefined":19,"s:146:4:147:Infinity":43,"b:146:8:146:28:146:28:146:Infinity":20,"s:147:6:147:Infinity":44,"s:149:4:149:Infinity":45,"f:152:9:152:18":6,"s:153:4:153:Infinity":46,"b:153:55:153:62:153:62:153:Infinity":21,"b:153:18:153:35:153:35:153:37":22},"fnNames":{}}}
,"C:\\Users\\ASUS\\Documents\\ChatGPT\\FieldFix\\src\\app\\tasks\\task-list.service.ts": {"path":"C:\\Users\\ASUS\\Documents\\ChatGPT\\FieldFix\\src\\app\\tasks\\task-list.service.ts","statementMap":{"0":{"start":{"line":20,"column":31},"end":{"line":20,"column":57}},"1":{"start":{"line":26,"column":30},"end":{"line":26,"column":null}},"2":{"start":{"line":27,"column":4},"end":{"line":31,"column":null}},"3":{"start":{"line":28,"column":6},"end":{"line":28,"column":null}},"4":{"start":{"line":30,"column":6},"end":{"line":30,"column":null}},"5":{"start":{"line":33,"column":4},"end":{"line":62,"column":null}},"6":{"start":{"line":34,"column":23},"end":{"line":36,"column":null}},"7":{"start":{"line":38,"column":6},"end":{"line":43,"column":null}},"8":{"start":{"line":39,"column":8},"end":{"line":42,"column":null}},"9":{"start":{"line":45,"column":6},"end":{"line":47,"column":null}},"10":{"start":{"line":46,"column":8},"end":{"line":46,"column":null}},"11":{"start":{"line":49,"column":21},"end":{"line":49,"column":null}},"12":{"start":{"line":50,"column":6},"end":{"line":52,"column":null}},"13":{"start":{"line":51,"column":8},"end":{"line":51,"column":null}},"14":{"start":{"line":54,"column":6},"end":{"line":54,"column":null}},"15":{"start":{"line":56,"column":6},"end":{"line":56,"column":null}},"16":{"start":{"line":58,"column":6},"end":{"line":61,"column":null}}},"fnMap":{"0":{"name":"constructor","decl":{"start":{"line":20,"column":2},"end":{"line":20,"column":14}},"loc":{"start":{"line":20,"column":57},"end":{"line":20,"column":null}},"line":20},"1":{"name":"loadTasksForAccount","decl":{"start":{"line":22,"column":8},"end":{"line":22,"column":null}},"loc":{"start":{"line":25,"column":33},"end":{"line":63,"column":null}},"line":25}},"branchMap":{"0":{"loc":{"start":{"line":24,"column":4},"end":{"line":24,"column":null}},"type":"default-arg","locations":[{"start":{"line":24,"column":25},"end":{"line":24,"column":null}}],"line":24},"1":{"loc":{"start":{"line":38,"column":6},"end":{"line":43,"column":null}},"type":"if","locations":[{"start":{"line":38,"column":6},"end":{"line":43,"column":null}},{"start":{},"end":{}}],"line":38},"2":{"loc":{"start":{"line":38,"column":10},"end":{"line":38,"column":62}},"type":"binary-expr","locations":[{"start":{"line":38,"column":10},"end":{"line":38,"column":37}},{"start":{"line":38,"column":37},"end":{"line":38,"column":62}}],"line":38},"3":{"loc":{"start":{"line":45,"column":6},"end":{"line":47,"column":null}},"type":"if","locations":[{"start":{"line":45,"column":6},"end":{"line":47,"column":null}},{"start":{},"end":{}}],"line":45},"4":{"loc":{"start":{"line":50,"column":6},"end":{"line":52,"column":null}},"type":"if","locations":[{"start":{"line":50,"column":6},"end":{"line":52,"column":null}},{"start":{},"end":{}}],"line":50},"5":{"loc":{"start":{"line":60,"column":15},"end":{"line":60,"column":null}},"type":"cond-expr","locations":[{"start":{"line":60,"column":40},"end":{"line":60,"column":56}},{"start":{"line":60,"column":56},"end":{"line":60,"column":null}}],"line":60}},"s":{"0":2,"1":2,"2":2,"3":2,"4":0,"5":2,"6":2,"7":1,"8":0,"9":1,"10":0,"11":1,"12":1,"13":0,"14":1,"15":1,"16":1},"f":{"0":2,"1":2},"b":{"0":[2],"1":[0,1],"2":[1,1],"3":[0,1],"4":[0,1],"5":[1,0]},"meta":{"lastBranch":6,"lastFunction":2,"lastStatement":17,"seen":{"f:20:2:20:14":0,"s:20:31:20:57":0,"f:22:8:22:Infinity":1,"b:24:25:24:Infinity":0,"s:26:30:26:Infinity":1,"s:27:4:31:Infinity":2,"s:28:6:28:Infinity":3,"s:30:6:30:Infinity":4,"s:33:4:62:Infinity":5,"s:34:23:36:Infinity":6,"b:38:6:43:Infinity:undefined:undefined:undefined:undefined":1,"s:38:6:43:Infinity":7,"b:38:10:38:37:38:37:38:62":2,"s:39:8:42:Infinity":8,"b:45:6:47:Infinity:undefined:undefined:undefined:undefined":3,"s:45:6:47:Infinity":9,"s:46:8:46:Infinity":10,"s:49:21:49:Infinity":11,"b:50:6:52:Infinity:undefined:undefined:undefined:undefined":4,"s:50:6:52:Infinity":12,"s:51:8:51:Infinity":13,"s:54:6:54:Infinity":14,"s:56:6:56:Infinity":15,"s:58:6:61:Infinity":16,"b:60:40:60:56:60:56:60:Infinity":5},"fnNames":{}}}
}
